<?xml version="1.0" encoding="UTF-8"?>
<testsuite name="CalculadoraTest" tests="9" skipped="0" failures="0" errors="0" timestamp="2021-11-15T19:53:31" hostname="DESKTOP-J8LH4KQ" time="0.003">
  <properties/>
  <testcase name="divisionmala" classname="CalculadoraTest" time="0.001"/>
  <testcase name="sumaincorrecta" classname="CalculadoraTest" time="0.0"/>
  <testcase name="restaincorrecta" classname="CalculadoraTest" time="0.0"/>
  <testcase name="suma" classname="CalculadoraTest" time="0.0"/>
  <testcase name="resta" classname="CalculadoraTest" time="0.0"/>
  <testcase name="multiplicacionmala" classname="CalculadoraTest" time="0.0"/>
  <testcase name="division" classname="CalculadoraTest" time="0.0"/>
  <testcase name="multiplicacion" classname="CalculadoraTest" time="0.0"/>
  <testcase name="restanegativa" classname="CalculadoraTest" time="0.0"/>
  <system-out><![CDATA[]]></system-out>
  <system-err><![CDATA[]]></system-err>
</testsuite>
